<?xml version="1.0" encoding="UTF-8"?>
<!-- Generated by org.testng.reporters.JUnitReportReporter -->
<testsuite hostname="DESKTOP-C1UMIF1" name="RestAssured_folderStructure_log.Utilities.RandomValues" tests="1" failures="0" timestamp="21 Jan 2020 09:26:00 GMT" time="0.016" errors="0">
  <testcase name="name" time="0.016" classname="RestAssured_folderStructure_log.Utilities.RandomValues"/>
</testsuite> <!-- RestAssured_folderStructure_log.Utilities.RandomValues -->
