<?xml version="1.0" encoding="UTF-8"?>
<!-- Generated by org.testng.reporters.JUnitReportReporter -->
<testsuite hostname="DESKTOP-C1UMIF1" name="RestAssured_folderStructure_log.TestCases.CreateEmployee" tests="10" failures="0" timestamp="28 Jan 2020 14:11:23 GMT" time="6.048" errors="0">
  <testcase name="server" time="0.003" classname="RestAssured_folderStructure_log.TestCases.CreateEmployee"/>
  <testcase name="addEmployee" time="3.029" classname="RestAssured_folderStructure_log.TestCases.CreateEmployee"/>
  <testcase name="addEmployee" time="0.725" classname="RestAssured_folderStructure_log.TestCases.CreateEmployee"/>
  <testcase name="statusLine" time="0.002" classname="RestAssured_folderStructure_log.TestCases.CreateEmployee"/>
  <testcase name="addEmployee" time="0.692" classname="RestAssured_folderStructure_log.TestCases.CreateEmployee"/>
  <testcase name="contentEncoding" time="0.002" classname="RestAssured_folderStructure_log.TestCases.CreateEmployee"/>
  <testcase name="addEmployee" time="0.805" classname="RestAssured_folderStructure_log.TestCases.CreateEmployee"/>
  <testcase name="addEmployee" time="0.785" classname="RestAssured_folderStructure_log.TestCases.CreateEmployee"/>
  <testcase name="statusCode" time="0.002" classname="RestAssured_folderStructure_log.TestCases.CreateEmployee"/>
  <testcase name="contentType" time="0.003" classname="RestAssured_folderStructure_log.TestCases.CreateEmployee"/>
</testsuite> <!-- RestAssured_folderStructure_log.TestCases.CreateEmployee -->
